<?xml version="1.0" encoding="UTF-8"?>
<!-- Generated by org.testng.reporters.JUnitXMLReporter -->
<testsuite hostname="ATMECSINLT-085" ignored="0" name="Test validate FIREFOXcom.atmecs.automate_konakart.testscripts.TestKonakartHome" tests="2" failures="0" timestamp="24 Oct 2019 18:50:28 GMT" time="74.148" errors="0">
  <testcase name="validateKonakart" time="10.926" classname="com.atmecs.automate_konakart.testscripts.TestKonakartHome"/>
  <testcase name="validateKonakart" time="8.919" classname="com.atmecs.automate_konakart.testscripts.TestKonakartHome"/>
</testsuite> <!-- Test validate FIREFOXcom.atmecs.automate_konakart.testscripts.TestKonakartHome -->
