<?xml version="1.0" encoding="UTF-8"?>
<!-- Generated by org.testng.reporters.JUnitXMLReporter -->
<testsuite hostname="ATMECSINLT-085" ignored="0" name="Test validate CHROMEcom.atmecs.automate_konakart.testscripts.TestKonakartHome" tests="2" failures="0" timestamp="24 Oct 2019 18:50:17 GMT" time="63.844" errors="0">
  <testcase name="validateKonakart" time="27.385" classname="com.atmecs.automate_konakart.testscripts.TestKonakartHome"/>
  <testcase name="validateKonakart" time="8.667" classname="com.atmecs.automate_konakart.testscripts.TestKonakartHome"/>
</testsuite> <!-- Test validate CHROMEcom.atmecs.automate_konakart.testscripts.TestKonakartHome -->
