<?xml version="1.0" encoding="UTF-8"?>
<testng-results skipped="0" failed="0" ignored="0" total="1" passed="1">
  <reporter-output>
  </reporter-output>
  <suite name="Suite" duration-ms="134396" started-at="2019-10-24T18:49:12Z" finished-at="2019-10-24T18:51:27Z">
    <groups>
    </groups>
    <test name="Test" duration-ms="134396" started-at="2019-10-24T18:49:12Z" finished-at="2019-10-24T18:51:27Z">
      <class name="com.atmecs.automate_konakart.testscripts.TestNGMethod">
        <test-method status="PASS" signature="xmlsuite()[pri:0, instance:com.atmecs.automate_konakart.testscripts.TestNGMethod@617c74e5]" name="xmlsuite" duration-ms="134345" started-at="2019-10-24T18:49:12Z" finished-at="2019-10-24T18:51:27Z">
          <reporter-output>
          </reporter-output>
        </test-method> <!-- xmlsuite -->
      </class> <!-- com.atmecs.automate_konakart.testscripts.TestNGMethod -->
    </test> <!-- Test -->
  </suite> <!-- Suite -->
</testng-results>
